#
# There is insufficient memory for the Java Runtime Environment to continue.
# Native memory allocation (malloc) failed to allocate 1048576 bytes for AllocateHeap
# Possible reasons:
#   The system is out of physical RAM or swap space
#   The process is running with CompressedOops enabled, and the Java Heap may be blocking the growth of the native heap
# Possible solutions:
#   Reduce memory load on the system
#   Increase physical memory or swap space
#   Check if swap backing store is full
#   Decrease Java heap size (-Xmx/-Xms)
#   Decrease number of Java threads
#   Decrease Java thread stack sizes (-Xss)
#   Set larger code cache with -XX:ReservedCodeCacheSize=
#   JVM is running with Unscaled Compressed Oops mode in which the Java heap is
#     placed in the first 4GB address space. The Java Heap base address is the
#     maximum limit for the native heap growth. Please use -XX:HeapBaseMinAddress
#     to set the Java Heap base and to place the Java Heap above 4GB virtual address.
# This output file may be truncated or incomplete.
#
#  Out of Memory Error (allocation.cpp:44), pid=12332, tid=14048
#
# JRE version:  (17.0.10+7) (build )
# Java VM: OpenJDK 64-Bit Server VM (17.0.10+7, mixed mode, tiered, compressed oops, compressed class ptrs, parallel gc, windows-amd64)
# No core dump will be written. Minidumps are not enabled by default on client versions of Windows
#

---------------  S U M M A R Y ------------

Command Line: --add-modules=ALL-SYSTEM --add-opens=java.base/java.util=ALL-UNNAMED --add-opens=java.base/java.lang=ALL-UNNAMED --add-opens=java.base/sun.nio.fs=ALL-UNNAMED -Declipse.application=org.eclipse.jdt.ls.core.id1 -Dosgi.bundles.defaultStartLevel=4 -Declipse.product=org.eclipse.jdt.ls.core.product -Djava.import.generatesMetadataFilesAtProjectRoot=false -DDetectVMInstallationsJob.disabled=true -Dfile.encoding=utf8 -XX:+UseParallelGC -XX:GCTimeRatio=4 -XX:AdaptiveSizePolicyWeight=90 -Dsun.zip.disableMemoryMapping=true -Xmx1G -Xms100m -Xlog:disable -javaagent:c:\Users\harsh\.vscode\extensions\redhat.java-1.27.0-win32-x64\lombok\lombok-1.18.31.jar -XX:+HeapDumpOnOutOfMemoryError -XX:HeapDumpPath=c:\Users\harsh\AppData\Roaming\Code\User\workspaceStorage\0f83648970b3588b112d719916df977c\redhat.java -Daether.dependencyCollector.impl=bf c:\Users\harsh\.vscode\extensions\redhat.java-1.27.0-win32-x64\server\plugins\org.eclipse.equinox.launcher_1.6.700.v20231214-2017.jar -configuration c:\Users\harsh\AppData\Roaming\Code\User\globalStorage\redhat.java\1.27.0\config_win -data c:\Users\harsh\AppData\Roaming\Code\User\workspaceStorage\0f83648970b3588b112d719916df977c\redhat.java\jdt_ws --stdio

Host: Intel(R) Core(TM) i5-8250U CPU @ 1.60GHz, 8 cores, 7G,  Windows 11 , 64 bit Build 22621 (10.0.22621.2506)
Time: Thu Feb 15 15:59:48 2024 India Standard Time elapsed time: 0.045548 seconds (0d 0h 0m 0s)

---------------  T H R E A D  ---------------

Current thread (0x00000228367f86f0):  JavaThread "Unknown thread" [_thread_in_vm, id=14048, stack(0x000000b044c00000,0x000000b044d00000)]

Stack: [0x000000b044c00000,0x000000b044d00000]
Native frames: (J=compiled Java code, j=interpreted, Vv=VM code, C=native code)
V  [jvm.dll+0x67d2c9]
V  [jvm.dll+0x834afa]
V  [jvm.dll+0x8365be]
V  [jvm.dll+0x836c23]
V  [jvm.dll+0x2477ff]
V  [jvm.dll+0xa6c93]
V  [jvm.dll+0x6bae63]
V  [jvm.dll+0x6bb9df]
V  [jvm.dll+0x689a48]
V  [jvm.dll+0x806a7b]
V  [jvm.dll+0x36c774]
V  [jvm.dll+0x7e4e06]
V  [jvm.dll+0x3eff3f]
V  [jvm.dll+0x3f1b71]
C  [jli.dll+0x528f]
C  [ucrtbase.dll+0x29363]
C  [KERNEL32.DLL+0x1257d]
C  [ntdll.dll+0x5aa58]


---------------  P R O C E S S  ---------------

Threads class SMR info:
_java_thread_list=0x00007fff0abdee98, length=0, elements={
}

Java Threads: ( => current thread )

Other Threads:
  0x000002283680c5c0 GCTaskThread "GC Thread#0" [stack: 0x000000b044d00000,0x000000b044e00000] [id=17584]

=>0x00000228367f86f0 (exited) JavaThread "Unknown thread" [_thread_in_vm, id=14048, stack(0x000000b044c00000,0x000000b044d00000)]

Threads with active compile tasks:

VM state: not at safepoint (normal execution)

VM Mutex/Monitor currently owned by a thread: None

Heap address: 0x00000000c0000000, size: 1024 MB, Compressed Oops mode: 32-bit

CDS archive(s) not mapped
Compressed class space mapped at: 0x0000000100000000-0x0000000140000000, reserved size: 1073741824
Narrow klass base: 0x0000000000000000, Narrow klass shift: 3, Narrow klass range: 0x140000000

GC Precious Log:
 CPUs: 8 total, 8 available
 Memory: 8056M
 Large Page Support: Disabled
 NUMA Support: Disabled
 Compressed Oops: Enabled (32-bit)
 Alignments: Space 512K, Generation 512K, Heap 2M
 Heap Min Capacity: 100M
 Heap Initial Capacity: 100M
 Heap Max Capacity: 1G
 Pre-touch: Disabled
 Parallel Workers: 8

Heap:
 PSYoungGen      total 29696K, used 512K [0x00000000eab00000, 0x00000000ecc00000, 0x0000000100000000)
  eden space 25600K, 2% used [0x00000000eab00000,0x00000000eab80070,0x00000000ec400000)
  from space 4096K, 0% used [0x00000000ec800000,0x00000000ec800000,0x00000000ecc00000)
  to   space 4096K, 0% used [0x00000000ec400000,0x00000000ec400000,0x00000000ec800000)
 ParOldGen       total 68608K, used 0K [0x00000000c0000000, 0x00000000c4300000, 0x00000000eab00000)
  object space 68608K, 0% used [0x00000000c0000000,0x00000000c0000000,0x00000000c4300000)
 Metaspace       used 1149K, committed 1216K, reserved 1114112K
  class space    used 101K, committed 128K, reserved 1048576K

Card table byte_map: [0x0000022849e40000,0x000002284a050000] _byte_map_base: 0x0000022849840000

Marking Bits: (ParMarkBitMap*) 0x00007fff0ac4d7d0
 Begin Bits: [0x000002284a1b0000, 0x000002284b1b0000)
 End Bits:   [0x000002284b1b0000, 0x000002284c1b0000)

Polling page: 0x00000228368a0000

Metaspace:

Usage:
  Non-class:      1.02 MB used.
      Class:    101.05 KB used.
       Both:      1.12 MB used.

Virtual space:
  Non-class space:       64.00 MB reserved,       1.06 MB (  2%) committed,  1 nodes.
      Class space:        1.00 GB reserved,     128.00 KB ( <1%) committed,  1 nodes.
             Both:        1.06 GB reserved,       1.19 MB ( <1%) committed. 

Chunk freelists:
   Non-Class:  12.00 MB
       Class:  15.75 MB
        Both:  27.75 MB

MaxMetaspaceSize: unlimited
CompressedClassSpaceSize: 1.00 GB
Initial GC threshold: 21.00 MB
Current GC threshold: 17179869184.00 GB
CDS: off
MetaspaceReclaimPolicy: balanced
 - commit_granule_bytes: 65536.
 - commit_granule_words: 8192.
 - virtual_space_node_default_size: 8388608.
 - enlarge_chunks_in_place: 1.
 - new_chunks_are_fully_committed: 0.
 - uncommit_free_chunks: 1.
 - use_allocation_guard: 0.
 - handle_deallocations: 1.


Internal statistics:

num_allocs_failed_limit: 0.
num_arena_births: 2.
num_arena_deaths: 0.
num_vsnodes_births: 2.
num_vsnodes_deaths: 0.
num_space_committed: 19.
num_space_uncommitted: 0.
num_chunks_returned_to_freelist: 0.
num_chunks_taken_from_freelist: 3.
num_chunk_merges: 0.
num_chunk_splits: 2.
num_chunks_enlarged: 0.
num_inconsistent_stats: 0.

CodeHeap 'non-profiled nmethods': size=120000Kb used=0Kb max_used=0Kb free=120000Kb
 bounds [0x0000022842720000, 0x0000022842990000, 0x0000022849c50000]
CodeHeap 'profiled nmethods': size=120000Kb used=0Kb max_used=0Kb free=120000Kb
 bounds [0x000002283ac50000, 0x000002283aec0000, 0x0000022842180000]
CodeHeap 'non-nmethods': size=5760Kb used=202Kb max_used=353Kb free=5557Kb
 bounds [0x0000022842180000, 0x00000228423f0000, 0x0000022842720000]
 total_blobs=66 nmethods=0 adapters=47
 compilation: enabled
              stopped_count=0, restarted_count=0
 full_count=0

Compilation events (0 events):
No events

GC Heap History (0 events):
No events

Dll operation events (1 events):
Event: 0.016 Loaded shared library c:\Users\harsh\.vscode\extensions\redhat.java-1.27.0-win32-x64\jre\17.0.10-win32-x86_64\bin\java.dll

Deoptimization events (0 events):
No events

Classes unloaded (0 events):
No events

Classes redefined (0 events):
No events

Internal exceptions (0 events):
No events

VM Operations (0 events):
No events

Events (20 events):
Event: 0.038 loading class java/lang/Long
Event: 0.038 loading class java/lang/Long done
Event: 0.038 loading class java/util/Iterator
Event: 0.038 loading class java/util/Iterator done
Event: 0.038 loading class java/lang/reflect/RecordComponent
Event: 0.039 loading class java/lang/reflect/RecordComponent done
Event: 0.039 loading class jdk/internal/vm/vector/VectorSupport
Event: 0.039 loading class jdk/internal/vm/vector/VectorSupport done
Event: 0.039 loading class jdk/internal/vm/vector/VectorSupport$VectorPayload
Event: 0.039 loading class jdk/internal/vm/vector/VectorSupport$VectorPayload done
Event: 0.039 loading class jdk/internal/vm/vector/VectorSupport$Vector
Event: 0.039 loading class jdk/internal/vm/vector/VectorSupport$Vector done
Event: 0.039 loading class jdk/internal/vm/vector/VectorSupport$VectorMask
Event: 0.039 loading class jdk/internal/vm/vector/VectorSupport$VectorMask done
Event: 0.039 loading class jdk/internal/vm/vector/VectorSupport$VectorShuffle
Event: 0.039 loading class jdk/internal/vm/vector/VectorSupport$VectorShuffle done
Event: 0.041 loading class java/lang/NullPointerException
Event: 0.041 loading class java/lang/NullPointerException done
Event: 0.041 loading class java/lang/ArithmeticException
Event: 0.041 loading class java/lang/ArithmeticException done


Dynamic libraries:
0x00007ff624fc0000 - 0x00007ff624fce000 	c:\Users\harsh\.vscode\extensions\redhat.java-1.27.0-win32-x64\jre\17.0.10-win32-x86_64\bin\java.exe
0x00007fffa94f0000 - 0x00007fffa9707000 	C:\WINDOWS\SYSTEM32\ntdll.dll
0x00007fffa8130000 - 0x00007fffa81f4000 	C:\WINDOWS\System32\KERNEL32.DLL
0x00007fffa6d30000 - 0x00007fffa70d6000 	C:\WINDOWS\System32\KERNELBASE.dll
0x00007fffa6aa0000 - 0x00007fffa6bb1000 	C:\WINDOWS\System32\ucrtbase.dll
0x00007fffa0cb0000 - 0x00007fffa0cc7000 	c:\Users\harsh\.vscode\extensions\redhat.java-1.27.0-win32-x64\jre\17.0.10-win32-x86_64\bin\jli.dll
0x00007fffa9300000 - 0x00007fffa94ae000 	C:\WINDOWS\System32\USER32.dll
0x00007fffa68d0000 - 0x00007fffa68f6000 	C:\WINDOWS\System32\win32u.dll
0x00007fffa8b20000 - 0x00007fffa8b49000 	C:\WINDOWS\System32\GDI32.dll
0x00007fffa6980000 - 0x00007fffa6a98000 	C:\WINDOWS\System32\gdi32full.dll
0x00007fffa71a0000 - 0x00007fffa723a000 	C:\WINDOWS\System32\msvcp_win.dll
0x00007fffa0db0000 - 0x00007fffa0dcb000 	c:\Users\harsh\.vscode\extensions\redhat.java-1.27.0-win32-x64\jre\17.0.10-win32-x86_64\bin\VCRUNTIME140.dll
0x00007fffa5b80000 - 0x00007fffa5e13000 	C:\WINDOWS\WinSxS\amd64_microsoft.windows.common-controls_6595b64144ccf1df_6.0.22621.2506_none_270c5ae97388e100\COMCTL32.dll
0x00007fffa7f80000 - 0x00007fffa8027000 	C:\WINDOWS\System32\msvcrt.dll
0x00007fffa8730000 - 0x00007fffa8761000 	C:\WINDOWS\System32\IMM32.DLL
0x00007fffa0d70000 - 0x00007fffa0d7c000 	c:\Users\harsh\.vscode\extensions\redhat.java-1.27.0-win32-x64\jre\17.0.10-win32-x86_64\bin\vcruntime140_1.dll
0x00007fff7cdb0000 - 0x00007fff7ce3d000 	c:\Users\harsh\.vscode\extensions\redhat.java-1.27.0-win32-x64\jre\17.0.10-win32-x86_64\bin\msvcp140.dll
0x00007fff0a0b0000 - 0x00007fff0ad12000 	c:\Users\harsh\.vscode\extensions\redhat.java-1.27.0-win32-x64\jre\17.0.10-win32-x86_64\bin\server\jvm.dll
0x00007fffa83e0000 - 0x00007fffa8493000 	C:\WINDOWS\System32\ADVAPI32.dll
0x00007fffa8210000 - 0x00007fffa82b8000 	C:\WINDOWS\System32\sechost.dll
0x00007fffa68a0000 - 0x00007fffa68c8000 	C:\WINDOWS\System32\bcrypt.dll
0x00007fffa82c0000 - 0x00007fffa83d7000 	C:\WINDOWS\System32\RPCRT4.dll
0x00007fffa6150000 - 0x00007fffa619d000 	C:\WINDOWS\SYSTEM32\POWRPROF.dll
0x00007fff91b00000 - 0x00007fff91b09000 	C:\WINDOWS\SYSTEM32\WSOCK32.dll
0x00007fffa9250000 - 0x00007fffa92c1000 	C:\WINDOWS\System32\WS2_32.dll
0x00007fff9df40000 - 0x00007fff9df74000 	C:\WINDOWS\SYSTEM32\WINMM.dll
0x00007fffa2bc0000 - 0x00007fffa2bca000 	C:\WINDOWS\SYSTEM32\VERSION.dll
0x00007fffa5e60000 - 0x00007fffa5e73000 	C:\WINDOWS\SYSTEM32\UMPDC.dll
0x00007fffa4ac0000 - 0x00007fffa4ad8000 	C:\WINDOWS\SYSTEM32\kernel.appcore.dll
0x00007fffa0c70000 - 0x00007fffa0c7a000 	c:\Users\harsh\.vscode\extensions\redhat.java-1.27.0-win32-x64\jre\17.0.10-win32-x86_64\bin\jimage.dll
0x00007fffa61a0000 - 0x00007fffa63d3000 	C:\WINDOWS\SYSTEM32\DBGHELP.DLL
0x00007fffa8ec0000 - 0x00007fffa9249000 	C:\WINDOWS\System32\combase.dll
0x00007fffa8650000 - 0x00007fffa8727000 	C:\WINDOWS\System32\OLEAUT32.dll
0x00007fffa6040000 - 0x00007fffa6072000 	C:\WINDOWS\SYSTEM32\dbgcore.DLL
0x00007fffa6900000 - 0x00007fffa697a000 	C:\WINDOWS\System32\bcryptPrimitives.dll
0x00007fff9fc80000 - 0x00007fff9fc8e000 	c:\Users\harsh\.vscode\extensions\redhat.java-1.27.0-win32-x64\jre\17.0.10-win32-x86_64\bin\instrument.dll
0x00007fff9c0e0000 - 0x00007fff9c105000 	c:\Users\harsh\.vscode\extensions\redhat.java-1.27.0-win32-x64\jre\17.0.10-win32-x86_64\bin\java.dll
0x00007fff93370000 - 0x00007fff93388000 	c:\Users\harsh\.vscode\extensions\redhat.java-1.27.0-win32-x64\jre\17.0.10-win32-x86_64\bin\zip.dll

dbghelp: loaded successfully - version: 4.0.5 - missing functions: none
symbol engine: initialized successfully - sym options: 0x614 - pdb path: .;c:\Users\harsh\.vscode\extensions\redhat.java-1.27.0-win32-x64\jre\17.0.10-win32-x86_64\bin;C:\WINDOWS\SYSTEM32;C:\WINDOWS\WinSxS\amd64_microsoft.windows.common-controls_6595b64144ccf1df_6.0.22621.2506_none_270c5ae97388e100;c:\Users\harsh\.vscode\extensions\redhat.java-1.27.0-win32-x64\jre\17.0.10-win32-x86_64\bin\server

VM Arguments:
jvm_args: --add-modules=ALL-SYSTEM --add-opens=java.base/java.util=ALL-UNNAMED --add-opens=java.base/java.lang=ALL-UNNAMED --add-opens=java.base/sun.nio.fs=ALL-UNNAMED -Declipse.application=org.eclipse.jdt.ls.core.id1 -Dosgi.bundles.defaultStartLevel=4 -Declipse.product=org.eclipse.jdt.ls.core.product -Djava.import.generatesMetadataFilesAtProjectRoot=false -DDetectVMInstallationsJob.disabled=true -Dfile.encoding=utf8 -XX:+UseParallelGC -XX:GCTimeRatio=4 -XX:AdaptiveSizePolicyWeight=90 -Dsun.zip.disableMemoryMapping=true -Xmx1G -Xms100m -Xlog:disable -javaagent:c:\Users\harsh\.vscode\extensions\redhat.java-1.27.0-win32-x64\lombok\lombok-1.18.31.jar -XX:+HeapDumpOnOutOfMemoryError -XX:HeapDumpPath=c:\Users\harsh\AppData\Roaming\Code\User\workspaceStorage\0f83648970b3588b112d719916df977c\redhat.java -Daether.dependencyCollector.impl=bf 
java_command: c:\Users\harsh\.vscode\extensions\redhat.java-1.27.0-win32-x64\server\plugins\org.eclipse.equinox.launcher_1.6.700.v20231214-2017.jar -configuration c:\Users\harsh\AppData\Roaming\Code\User\globalStorage\redhat.java\1.27.0\config_win -data c:\Users\harsh\AppData\Roaming\Code\User\workspaceStorage\0f83648970b3588b112d719916df977c\redhat.java\jdt_ws --stdio
java_class_path (initial): c:\Users\harsh\.vscode\extensions\redhat.java-1.27.0-win32-x64\server\plugins\org.eclipse.equinox.launcher_1.6.700.v20231214-2017.jar
Launcher Type: SUN_STANDARD

[Global flags]
    uintx AdaptiveSizePolicyWeight                 = 90                                        {product} {command line}
     intx CICompilerCount                          = 4                                         {product} {ergonomic}
    uintx GCTimeRatio                              = 4                                         {product} {command line}
     bool HeapDumpOnOutOfMemoryError               = true                                   {manageable} {command line}
    ccstr HeapDumpPath                             = c:\Users\harsh\AppData\Roaming\Code\User\workspaceStorage\0f83648970b3588b112d719916df977c\redhat.java         {manageable} {command line}
   size_t InitialHeapSize                          = 104857600                                 {product} {command line}
   size_t MaxHeapSize                              = 1073741824                                {product} {command line}
   size_t MaxNewSize                               = 357564416                                 {product} {ergonomic}
   size_t MinHeapDeltaBytes                        = 524288                                    {product} {ergonomic}
   size_t MinHeapSize                              = 104857600                                 {product} {command line}
   size_t NewSize                                  = 34603008                                  {product} {ergonomic}
    uintx NonNMethodCodeHeapSize                   = 5839372                                {pd product} {ergonomic}
    uintx NonProfiledCodeHeapSize                  = 122909434                              {pd product} {ergonomic}
   size_t OldSize                                  = 70254592                                  {product} {ergonomic}
    uintx ProfiledCodeHeapSize                     = 122909434                              {pd product} {ergonomic}
    uintx ReservedCodeCacheSize                    = 251658240                              {pd product} {ergonomic}
     bool SegmentedCodeCache                       = true                                      {product} {ergonomic}
   size_t SoftMaxHeapSize                          = 1073741824                             {manageable} {ergonomic}
     bool UseCompressedClassPointers               = true                           {product lp64_product} {ergonomic}
     bool UseCompressedOops                        = true                           {product lp64_product} {ergonomic}
     bool UseLargePagesIndividualAllocation        = false                                  {pd product} {ergonomic}
     bool UseParallelGC                            = true                                      {product} {command line}

Logging:
Log output configuration:
 #0: stdout all=off uptime,level,tags
 #1: stderr all=off uptime,level,tags

Environment Variables:
PATH=C:\Users\harsh\bin;D:\Softwares\Git\Git Installation Files\Git\mingw64\bin;D:\Softwares\Git\Git Installation Files\Git\usr\local\bin;D:\Softwares\Git\Git Installation Files\Git\usr\bin;D:\Softwares\Git\Git Installation Files\Git\usr\bin;D:\Softwares\Git\Git Installation Files\Git\cmd;D:\Softwares\Java Compiler\Java\jdk-11.0.19_windows-x64_bin\jdk-11.0.19\bin;C:\WINDOWS\system32;C:\WINDOWS;C:\WINDOWS\System32\Wbem;C:\WINDOWS\System32\WindowsPowerShell\v1.0;C:\WINDOWS\System32\OpenSSH;D:\Softwares\Java Compiler\Java\jdk-16.0.2\bin;D:\Softwares\C Compiler\mingw\mingw32\bin;C:\Program Files\dotnet;C:\ProgramData\chocolatey\bin;C:\Program Files (x86)\Intel\Intel(R) Management Engine Components\DAL;C:\Program Files\Intel\Intel(R) Management Engine Components\DAL;C:\Program Files\Microsoft SQL Server\150\Tools\Binn;C:\Program Files\Microsoft SQL Server\Client SDK\ODBC\170\Tools\Binn;C:\Program Files\Docker\Docker\resources\bin;D:\Softwares\apache maven\apache-maven-3.9.6-bin\apache-maven-3.9.6\bin;C:\Program Files\MySQL\MySQL Shell 8.0\bin;D:\Softwares\Python\Installed Files\Scripts;D:\Softwares\Python\Installed Files;C:\Users\harsh\AppData\Local\Microsoft\WindowsApps;C:\Users\harsh\AppData\Local\Programs\Microsoft VS Code\bin;D:\Softwares\Hyper Terminal\Installation Files\resources\bin;D:\Softwares\Intellij Idea IDE\IntellijIdea Installed Files\IntelliJ IDEA Community Edition 2021.3.1\bin;D:\Softwares\Heroku\Heroku Installation Files\heroku\bin;C:\Users\harsh\.dotnet\tools;D:\Softwares\Node js\installed files v20;D:\Softwares\Git\Git Installation Files\Git\usr\bin\vendor_perl;D:\Softwares\Git\Git Installation Files\Git\usr\bin\core_perl
USERNAME=harsh
SHELL=D:\Softwares\Git\Git Installation Files\Git\usr\bin\bash.exe
DISPLAY=needs-to-be-defined
LANG=en_GB.UTF-8
TERM=cygwin
TMPDIR=C:\Users\harsh\AppData\Local\Temp
OS=Windows_NT
PROCESSOR_IDENTIFIER=Intel64 Family 6 Model 142 Stepping 10, GenuineIntel
TMP=C:\Users\harsh\AppData\Local\Temp
TEMP=C:\Users\harsh\AppData\Local\Temp



Periodic native trim disabled


---------------  S Y S T E M  ---------------

OS:
 Windows 11 , 64 bit Build 22621 (10.0.22621.2506)
OS uptime: 4 days 2:21 hours
Hyper-V role detected

CPU: total 8 (initial active 8) (4 cores per cpu, 2 threads per core) family 6 model 142 stepping 10 microcode 0xe0, cx8, cmov, fxsr, ht, mmx, 3dnowpref, sse, sse2, sse3, ssse3, sse4.1, sse4.2, popcnt, lzcnt, tsc, tscinvbit, avx, avx2, aes, erms, clmul, bmi1, bmi2, adx, fma, vzeroupper, clflush, clflushopt, hv
Processor Information for all 8 processors :
  Max Mhz: 1800, Current Mhz: 1600, Mhz Limit: 1584

Memory: 4k page, system-wide physical 8056M (454M free)
TotalPageFile size 24740M (AvailPageFile size 4M)
current process WorkingSet (physical memory assigned to process): 16M, peak: 16M
current process commit charge ("private bytes"): 171M, peak: 172M

vm_info: OpenJDK 64-Bit Server VM (17.0.10+7) for windows-amd64 JRE (17.0.10+7), built on Jan 16 2024 23:25:11 by "admin" with MS VC++ 16.10 / 16.11 (VS2019)

END.
